{"/Users/engine/Documents/Projects/fixture-listing/src/app.controller.ts": {"path":"/Users/engine/Documents/Projects/fixture-listing/src/app.controller.ts","statementMap":{"0":{"start":{"line":1,"column":0},"end":{"line":1,"column":49}},"1":{"start":{"line":2,"column":0},"end":{"line":2,"column":43}},"2":{"start":{"line":5,"column":7},"end":{"line":12,"column":null}},"3":{"start":{"line":6,"column":31},"end":{"line":6,"column":43}},"4":{"start":{"line":10,"column":4},"end":{"line":10,"column":38}},"5":{"start":{"line":8,"column":2},"end":{"line":11,"column":null}},"6":{"start":{"line":5,"column":13},"end":{"line":12,"column":null}},"7":{"start":{"line":5,"column":13},"end":{"line":5,"column":26}}},"fnMap":{"0":{"name":"(anonymous_2)","decl":{"start":{"line":6,"column":2},"end":{"line":6,"column":31}},"loc":{"start":{"line":6,"column":53},"end":{"line":6,"column":57}}},"1":{"name":"(anonymous_3)","decl":{"start":{"line":9,"column":2},"end":{"line":9,"column":10}},"loc":{"start":{"line":9,"column":10},"end":{"line":11,"column":3}}}},"branchMap":{},"s":{"0":2,"1":2,"2":2,"3":1,"4":1,"5":2,"6":2,"7":2},"f":{"0":1,"1":1},"b":{}}
,"/Users/engine/Documents/Projects/fixture-listing/src/app.module.ts": {"path":"/Users/engine/Documents/Projects/fixture-listing/src/app.module.ts","statementMap":{"0":{"start":{"line":1,"column":0},"end":{"line":1,"column":67}},"1":{"start":{"line":3,"column":0},"end":{"line":3,"column":40}},"2":{"start":{"line":4,"column":0},"end":{"line":4,"column":57}},"3":{"start":{"line":5,"column":0},"end":{"line":5,"column":48}},"4":{"start":{"line":6,"column":0},"end":{"line":6,"column":28}},"5":{"start":{"line":7,"column":0},"end":{"line":7,"column":49}},"6":{"start":{"line":8,"column":0},"end":{"line":8,"column":43}},"7":{"start":{"line":9,"column":0},"end":{"line":9,"column":47}},"8":{"start":{"line":10,"column":0},"end":{"line":10,"column":63}},"9":{"start":{"line":11,"column":0},"end":{"line":11,"column":74}},"10":{"start":{"line":12,"column":0},"end":{"line":12,"column":56}},"11":{"start":{"line":13,"column":0},"end":{"line":13,"column":65}},"12":{"start":{"line":14,"column":0},"end":{"line":14,"column":67}},"13":{"start":{"line":15,"column":0},"end":{"line":15,"column":63}},"14":{"start":{"line":32,"column":7},"end":{"line":37,"column":null}},"15":{"start":{"line":34,"column":4},"end":{"line":34,"column":52}},"16":{"start":{"line":35,"column":4},"end":{"line":35,"column":87}},"17":{"start":{"line":32,"column":13},"end":{"line":37,"column":null}},"18":{"start":{"line":32,"column":13},"end":{"line":32,"column":22}}},"fnMap":{"0":{"name":"(anonymous_1)","decl":{"start":{"line":33,"column":2},"end":{"line":33,"column":11}},"loc":{"start":{"line":33,"column":40},"end":{"line":36,"column":3}}}},"branchMap":{},"s":{"0":1,"1":1,"2":1,"3":1,"4":1,"5":1,"6":1,"7":1,"8":1,"9":1,"10":1,"11":1,"12":1,"13":1,"14":1,"15":1,"16":1,"17":1,"18":1},"f":{"0":1},"b":{}}
,"/Users/engine/Documents/Projects/fixture-listing/src/app.service.ts": {"path":"/Users/engine/Documents/Projects/fixture-listing/src/app.service.ts","statementMap":{"0":{"start":{"line":1,"column":0},"end":{"line":1,"column":44}},"1":{"start":{"line":4,"column":7},"end":{"line":8,"column":null}},"2":{"start":{"line":6,"column":4},"end":{"line":6,"column":26}},"3":{"start":{"line":4,"column":13},"end":{"line":8,"column":null}},"4":{"start":{"line":4,"column":13},"end":{"line":4,"column":23}}},"fnMap":{"0":{"name":"(anonymous_1)","decl":{"start":{"line":5,"column":2},"end":{"line":5,"column":10}},"loc":{"start":{"line":5,"column":10},"end":{"line":7,"column":3}}}},"branchMap":{},"s":{"0":2,"1":2,"2":1,"3":2,"4":2},"f":{"0":1},"b":{}}
,"/Users/engine/Documents/Projects/fixture-listing/src/main.ts": {"path":"/Users/engine/Documents/Projects/fixture-listing/src/main.ts","statementMap":{"0":{"start":{"line":1,"column":0},"end":{"line":1,"column":43}},"1":{"start":{"line":2,"column":0},"end":{"line":2,"column":41}},"2":{"start":{"line":3,"column":0},"end":{"line":3,"column":65}},"3":{"start":{"line":5,"column":0},"end":{"line":5,"column":41}},"4":{"start":{"line":6,"column":0},"end":{"line":6,"column":66}},"5":{"start":{"line":7,"column":0},"end":{"line":7,"column":42}},"6":{"start":{"line":8,"column":0},"end":{"line":8,"column":70}},"7":{"start":{"line":11,"column":14},"end":{"line":16,"column":4}},"8":{"start":{"line":17,"column":20},"end":{"line":17,"column":44}},"9":{"start":{"line":18,"column":2},"end":{"line":26,"column":4}},"10":{"start":{"line":27,"column":2},"end":{"line":27,"column":50}},"11":{"start":{"line":28,"column":2},"end":{"line":28,"column":56}},"12":{"start":{"line":29,"column":2},"end":{"line":29,"column":53}},"13":{"start":{"line":30,"column":2},"end":{"line":30,"column":29}},"14":{"start":{"line":31,"column":2},"end":{"line":33,"column":5}},"15":{"start":{"line":32,"column":4},"end":{"line":32,"column":30}},"16":{"start":{"line":34,"column":2},"end":{"line":34,"column":42}},"17":{"start":{"line":35,"column":2},"end":{"line":42,"column":5}},"18":{"start":{"line":36,"column":4},"end":{"line":36,"column":92}},"19":{"start":{"line":37,"column":4},"end":{"line":41,"column":6}},"20":{"start":{"line":46,"column":22},"end":{"line":46,"column":59}},"21":{"start":{"line":47,"column":29},"end":{"line":47,"column":73}},"22":{"start":{"line":48,"column":21},"end":{"line":48,"column":64}},"23":{"start":{"line":49,"column":17},"end":{"line":54,"column":12}},"24":{"start":{"line":55,"column":19},"end":{"line":55,"column":60}},"25":{"start":{"line":56,"column":2},"end":{"line":56,"column":83}},"26":{"start":{"line":59,"column":0},"end":{"line":59,"column":12}}},"fnMap":{"0":{"name":"bootstrap","decl":{"start":{"line":10,"column":15},"end":{"line":10,"column":24}},"loc":{"start":{"line":10,"column":24},"end":{"line":43,"column":1}}},"1":{"name":"(anonymous_1)","decl":{"start":{"line":31,"column":21},"end":{"line":31,"column":22}},"loc":{"start":{"line":31,"column":34},"end":{"line":33,"column":3}}},"2":{"name":"(anonymous_2)","decl":{"start":{"line":35,"column":57},"end":{"line":35,"column":60}},"loc":{"start":{"line":35,"column":62},"end":{"line":42,"column":3}}},"3":{"name":"initializeSwagger","decl":{"start":{"line":45,"column":9},"end":{"line":45,"column":26}},"loc":{"start":{"line":45,"column":68},"end":{"line":57,"column":1}}}},"branchMap":{},"s":{"0":0,"1":0,"2":0,"3":0,"4":0,"5":0,"6":0,"7":0,"8":0,"9":0,"10":0,"11":0,"12":0,"13":0,"14":0,"15":0,"16":0,"17":0,"18":0,"19":0,"20":0,"21":0,"22":0,"23":0,"24":0,"25":0,"26":0},"f":{"0":0,"1":0,"2":0,"3":0},"b":{}}
,"/Users/engine/Documents/Projects/fixture-listing/src/common/config/config.module.ts": {"path":"/Users/engine/Documents/Projects/fixture-listing/src/common/config/config.module.ts","statementMap":{"0":{"start":{"line":1,"column":0},"end":{"line":1,"column":40}},"1":{"start":{"line":3,"column":0},"end":{"line":3,"column":51}},"2":{"start":{"line":9,"column":7},"end":{"line":9,"column":null}},"3":{"start":{"line":9,"column":13},"end":{"line":9,"column":null}},"4":{"start":{"line":9,"column":13},"end":{"line":9,"column":25}}},"fnMap":{},"branchMap":{},"s":{"0":2,"1":2,"2":2,"3":2,"4":2},"f":{},"b":{}}
,"/Users/engine/Documents/Projects/fixture-listing/src/common/config/config.provider.ts": {"path":"/Users/engine/Documents/Projects/fixture-listing/src/common/config/config.provider.ts","statementMap":{"0":{"start":{"line":2,"column":0},"end":{"line":2,"column":33}},"1":{"start":{"line":3,"column":0},"end":{"line":3,"column":33}},"2":{"start":{"line":4,"column":13},"end":{"line":4,"column":44}},"3":{"start":{"line":6,"column":13},"end":{"line":12,"column":2}},"4":{"start":{"line":9,"column":4},"end":{"line":9,"column":20}},"5":{"start":{"line":10,"column":4},"end":{"line":10,"column":28}},"6":{"start":{"line":14,"column":25},"end":{"line":16,"column":1}},"7":{"start":{"line":15,"column":2},"end":{"line":15,"column":16}},"8":{"start":{"line":14,"column":13},"end":{"line":14,"column":25}}},"fnMap":{"0":{"name":"(anonymous_0)","decl":{"start":{"line":8,"column":14},"end":{"line":8,"column":17}},"loc":{"start":{"line":8,"column":19},"end":{"line":11,"column":3}}},"1":{"name":"(anonymous_1)","decl":{"start":{"line":10,"column":4},"end":{"line":10,"column":18}},"loc":{"start":{"line":10,"column":4},"end":{"line":10,"column":28}}},"2":{"name":"(anonymous_2)","decl":{"start":{"line":14,"column":25},"end":{"line":14,"column":28}},"loc":{"start":{"line":14,"column":30},"end":{"line":16,"column":1}}}},"branchMap":{},"s":{"0":2,"1":2,"2":2,"3":2,"4":0,"5":0,"6":2,"7":1,"8":2},"f":{"0":0,"1":0,"2":1},"b":{}}
,"/Users/engine/Documents/Projects/fixture-listing/src/common/config/index.ts": {"path":"/Users/engine/Documents/Projects/fixture-listing/src/common/config/index.ts","statementMap":{"0":{"start":{"line":1,"column":0},"end":{"line":1,"column":32}},"1":{"start":{"line":2,"column":0},"end":{"line":2,"column":34}}},"fnMap":{},"branchMap":{},"s":{"0":2,"1":2},"f":{},"b":{}}
,"/Users/engine/Documents/Projects/fixture-listing/src/common/helpers/helper.ts": {"path":"/Users/engine/Documents/Projects/fixture-listing/src/common/helpers/helper.ts","statementMap":{"0":{"start":{"line":2,"column":0},"end":{"line":2,"column":38}},"1":{"start":{"line":5,"column":25},"end":{"line":5,"column":55}},"2":{"start":{"line":6,"column":2},"end":{"line":6,"column":24}},"3":{"start":{"line":4,"column":0},"end":{"line":4,"column":16}}},"fnMap":{"0":{"name":"createTypeOrmOptions","decl":{"start":{"line":4,"column":16},"end":{"line":4,"column":36}},"loc":{"start":{"line":4,"column":58},"end":{"line":7,"column":1}}}},"branchMap":{},"s":{"0":1,"1":1,"2":1,"3":1},"f":{"0":1},"b":{}}
,"/Users/engine/Documents/Projects/fixture-listing/src/entities/fixture.entity.ts": {"path":"/Users/engine/Documents/Projects/fixture-listing/src/entities/fixture.entity.ts","statementMap":{"0":{"start":{"line":1,"column":0},"end":{"line":1,"column":76}},"1":{"start":{"line":2,"column":0},"end":{"line":2,"column":55}},"2":{"start":{"line":3,"column":0},"end":{"line":3,"column":37}},"3":{"start":{"line":4,"column":0},"end":{"line":4,"column":49}},"4":{"start":{"line":7,"column":7},"end":{"line":34,"column":null}},"5":{"start":{"line":8,"column":2},"end":{"line":9,"column":null}},"6":{"start":{"line":11,"column":2},"end":{"line":12,"column":null}},"7":{"start":{"line":11,"column":19},"end":{"line":11,"column":23}},"8":{"start":{"line":11,"column":35},"end":{"line":11,"column":44}},"9":{"start":{"line":14,"column":2},"end":{"line":15,"column":null}},"10":{"start":{"line":14,"column":19},"end":{"line":14,"column":23}},"11":{"start":{"line":14,"column":35},"end":{"line":14,"column":44}},"12":{"start":{"line":17,"column":2},"end":{"line":18,"column":null}},"13":{"start":{"line":17,"column":19},"end":{"line":17,"column":29}},"14":{"start":{"line":17,"column":47},"end":{"line":17,"column":62}},"15":{"start":{"line":20,"column":2},"end":{"line":21,"column":null}},"16":{"start":{"line":23,"column":2},"end":{"line":24,"column":null}},"17":{"start":{"line":26,"column":2},"end":{"line":27,"column":null}},"18":{"start":{"line":29,"column":2},"end":{"line":30,"column":null}},"19":{"start":{"line":32,"column":2},"end":{"line":33,"column":null}},"20":{"start":{"line":7,"column":13},"end":{"line":34,"column":null}},"21":{"start":{"line":7,"column":13},"end":{"line":7,"column":20}}},"fnMap":{"0":{"name":"(anonymous_2)","decl":{"start":{"line":11,"column":13},"end":{"line":11,"column":16}},"loc":{"start":{"line":11,"column":19},"end":{"line":11,"column":23}}},"1":{"name":"(anonymous_3)","decl":{"start":{"line":11,"column":25},"end":{"line":11,"column":26}},"loc":{"start":{"line":11,"column":35},"end":{"line":11,"column":44}}},"2":{"name":"(anonymous_4)","decl":{"start":{"line":14,"column":13},"end":{"line":14,"column":16}},"loc":{"start":{"line":14,"column":19},"end":{"line":14,"column":23}}},"3":{"name":"(anonymous_5)","decl":{"start":{"line":14,"column":25},"end":{"line":14,"column":26}},"loc":{"start":{"line":14,"column":35},"end":{"line":14,"column":44}}},"4":{"name":"(anonymous_6)","decl":{"start":{"line":17,"column":13},"end":{"line":17,"column":16}},"loc":{"start":{"line":17,"column":19},"end":{"line":17,"column":29}}},"5":{"name":"(anonymous_7)","decl":{"start":{"line":17,"column":31},"end":{"line":17,"column":32}},"loc":{"start":{"line":17,"column":47},"end":{"line":17,"column":62}}}},"branchMap":{},"s":{"0":8,"1":8,"2":8,"3":8,"4":8,"5":8,"6":8,"7":0,"8":0,"9":8,"10":0,"11":0,"12":8,"13":0,"14":0,"15":8,"16":8,"17":8,"18":8,"19":8,"20":8,"21":8},"f":{"0":0,"1":0,"2":0,"3":0,"4":0,"5":0},"b":{}}
,"/Users/engine/Documents/Projects/fixture-listing/src/entities/index.ts": {"path":"/Users/engine/Documents/Projects/fixture-listing/src/entities/index.ts","statementMap":{"0":{"start":{"line":1,"column":0},"end":{"line":1,"column":30}},"1":{"start":{"line":2,"column":0},"end":{"line":2,"column":36}},"2":{"start":{"line":3,"column":0},"end":{"line":3,"column":33}}},"fnMap":{},"branchMap":{},"s":{"0":8,"1":8,"2":8},"f":{},"b":{}}
,"/Users/engine/Documents/Projects/fixture-listing/src/entities/team.entity.ts": {"path":"/Users/engine/Documents/Projects/fixture-listing/src/entities/team.entity.ts","statementMap":{"0":{"start":{"line":1,"column":0},"end":{"line":1,"column":39}},"1":{"start":{"line":2,"column":0},"end":{"line":2,"column":65}},"2":{"start":{"line":5,"column":7},"end":{"line":14,"column":null}},"3":{"start":{"line":6,"column":2},"end":{"line":7,"column":null}},"4":{"start":{"line":9,"column":2},"end":{"line":10,"column":null}},"5":{"start":{"line":12,"column":2},"end":{"line":13,"column":null}},"6":{"start":{"line":5,"column":13},"end":{"line":14,"column":null}},"7":{"start":{"line":5,"column":13},"end":{"line":5,"column":17}}},"fnMap":{},"branchMap":{},"s":{"0":8,"1":8,"2":8,"3":8,"4":8,"5":8,"6":8,"7":8},"f":{},"b":{}}
,"/Users/engine/Documents/Projects/fixture-listing/src/entities/tournament.entity.ts": {"path":"/Users/engine/Documents/Projects/fixture-listing/src/entities/tournament.entity.ts","statementMap":{"0":{"start":{"line":1,"column":0},"end":{"line":1,"column":39}},"1":{"start":{"line":2,"column":0},"end":{"line":2,"column":65}},"2":{"start":{"line":5,"column":7},"end":{"line":11,"column":null}},"3":{"start":{"line":6,"column":2},"end":{"line":7,"column":null}},"4":{"start":{"line":9,"column":2},"end":{"line":10,"column":null}},"5":{"start":{"line":5,"column":13},"end":{"line":11,"column":null}},"6":{"start":{"line":5,"column":13},"end":{"line":5,"column":23}}},"fnMap":{},"branchMap":{},"s":{"0":8,"1":8,"2":8,"3":8,"4":8,"5":8,"6":8},"f":{},"b":{}}
,"/Users/engine/Documents/Projects/fixture-listing/src/filters/http-exception.filter.ts": {"path":"/Users/engine/Documents/Projects/fixture-listing/src/filters/http-exception.filter.ts","statementMap":{"0":{"start":{"line":1,"column":0},"end":{"line":1,"column":86}},"1":{"start":{"line":5,"column":7},"end":{"line":19,"column":null}},"2":{"start":{"line":7,"column":16},"end":{"line":7,"column":35}},"3":{"start":{"line":8,"column":21},"end":{"line":8,"column":48}},"4":{"start":{"line":9,"column":20},"end":{"line":9,"column":45}},"5":{"start":{"line":10,"column":19},"end":{"line":10,"column":40}},"6":{"start":{"line":11,"column":18},"end":{"line":11,"column":41}},"7":{"start":{"line":13,"column":4},"end":{"line":17,"column":7}},"8":{"start":{"line":5,"column":13},"end":{"line":19,"column":null}},"9":{"start":{"line":5,"column":13},"end":{"line":5,"column":32}}},"fnMap":{"0":{"name":"(anonymous_1)","decl":{"start":{"line":6,"column":2},"end":{"line":6,"column":7}},"loc":{"start":{"line":6,"column":53},"end":{"line":18,"column":3}}}},"branchMap":{},"s":{"0":1,"1":1,"2":1,"3":1,"4":1,"5":1,"6":1,"7":1,"8":1,"9":1},"f":{"0":1},"b":{}}
,"/Users/engine/Documents/Projects/fixture-listing/src/middlewares/index.ts": {"path":"/Users/engine/Documents/Projects/fixture-listing/src/middlewares/index.ts","statementMap":{"0":{"start":{"line":1,"column":0},"end":{"line":1,"column":36}}},"fnMap":{},"branchMap":{},"s":{"0":0},"f":{},"b":{}}
,"/Users/engine/Documents/Projects/fixture-listing/src/middlewares/logger.middleware.ts": {"path":"/Users/engine/Documents/Projects/fixture-listing/src/middlewares/logger.middleware.ts","statementMap":{"0":{"start":{"line":1,"column":0},"end":{"line":1,"column":68}},"1":{"start":{"line":5,"column":29},"end":{"line":12,"column":null}},"2":{"start":{"line":6,"column":19},"end":{"line":6,"column":62}},"3":{"start":{"line":10,"column":4},"end":{"line":10,"column":11}},"4":{"start":{"line":5,"column":13},"end":{"line":12,"column":null}},"5":{"start":{"line":5,"column":13},"end":{"line":5,"column":29}}},"fnMap":{"0":{"name":"(anonymous_1)","decl":{"start":{"line":5,"column":7},"end":{"line":5,"column":13}},"loc":{"start":{"line":5,"column":7},"end":{"line":12,"column":1}}},"1":{"name":"(anonymous_2)","decl":{"start":{"line":7,"column":2},"end":{"line":7,"column":5}},"loc":{"start":{"line":7,"column":53},"end":{"line":11,"column":3}}}},"branchMap":{},"s":{"0":1,"1":1,"2":1,"3":1,"4":1,"5":1},"f":{"0":1,"1":1},"b":{}}
,"/Users/engine/Documents/Projects/fixture-listing/src/middlewares/user.middleware.ts": {"path":"/Users/engine/Documents/Projects/fixture-listing/src/middlewares/user.middleware.ts","statementMap":{"0":{"start":{"line":1,"column":0},"end":{"line":1,"column":60}},"1":{"start":{"line":4,"column":7},"end":{"line":9,"column":null}},"2":{"start":{"line":6,"column":4},"end":{"line":6,"column":25}},"3":{"start":{"line":7,"column":4},"end":{"line":7,"column":11}},"4":{"start":{"line":4,"column":13},"end":{"line":9,"column":null}},"5":{"start":{"line":4,"column":13},"end":{"line":4,"column":27}}},"fnMap":{"0":{"name":"(anonymous_1)","decl":{"start":{"line":5,"column":2},"end":{"line":5,"column":7}},"loc":{"start":{"line":5,"column":26},"end":{"line":8,"column":3}}}},"branchMap":{},"s":{"0":2,"1":2,"2":1,"3":1,"4":2,"5":2},"f":{"0":1},"b":{}}
,"/Users/engine/Documents/Projects/fixture-listing/src/modules/fixture/fixture-event.service.ts": {"path":"/Users/engine/Documents/Projects/fixture-listing/src/modules/fixture/fixture-event.service.ts","statementMap":{"0":{"start":{"line":1,"column":0},"end":{"line":1,"column":52}},"1":{"start":{"line":2,"column":0},"end":{"line":2,"column":38}},"2":{"start":{"line":3,"column":0},"end":{"line":3,"column":33}},"3":{"start":{"line":6,"column":32},"end":{"line":16,"column":null}},"4":{"start":{"line":7,"column":19},"end":{"line":7,"column":73}},"5":{"start":{"line":8,"column":19},"end":{"line":8,"column":62}},"6":{"start":{"line":10,"column":4},"end":{"line":10,"column":54}},"7":{"start":{"line":14,"column":4},"end":{"line":14,"column":39}},"8":{"start":{"line":6,"column":13},"end":{"line":16,"column":null}},"9":{"start":{"line":6,"column":13},"end":{"line":6,"column":32}}},"fnMap":{"0":{"name":"(anonymous_1)","decl":{"start":{"line":6,"column":7},"end":{"line":6,"column":13}},"loc":{"start":{"line":6,"column":7},"end":{"line":16,"column":1}}},"1":{"name":"(anonymous_2)","decl":{"start":{"line":9,"column":2},"end":{"line":9,"column":30}},"loc":{"start":{"line":9,"column":30},"end":{"line":11,"column":3}}},"2":{"name":"(anonymous_3)","decl":{"start":{"line":13,"column":2},"end":{"line":13,"column":7}},"loc":{"start":{"line":13,"column":42},"end":{"line":15,"column":3}}}},"branchMap":{},"s":{"0":4,"1":4,"2":4,"3":4,"4":1,"5":1,"6":1,"7":1,"8":4,"9":4},"f":{"0":1,"1":1,"2":1},"b":{}}
,"/Users/engine/Documents/Projects/fixture-listing/src/modules/fixture/fixture.controller.ts": {"path":"/Users/engine/Documents/Projects/fixture-listing/src/modules/fixture/fixture.controller.ts","statementMap":{"0":{"start":{"line":1,"column":0},"end":{"line":1,"column":null}},"1":{"start":{"line":13,"column":0},"end":{"line":13,"column":55}},"2":{"start":{"line":14,"column":0},"end":{"line":14,"column":86}},"3":{"start":{"line":15,"column":0},"end":{"line":15,"column":null}},"4":{"start":{"line":22,"column":0},"end":{"line":22,"column":62}},"5":{"start":{"line":23,"column":0},"end":{"line":23,"column":51}},"6":{"start":{"line":27,"column":7},"end":{"line":108,"column":null}},"7":{"start":{"line":29,"column":21},"end":{"line":29,"column":37}},"8":{"start":{"line":30,"column":21},"end":{"line":30,"column":42}},"9":{"start":{"line":34,"column":4},"end":{"line":34,"column":67}},"10":{"start":{"line":49,"column":4},"end":{"line":49,"column":51}},"11":{"start":{"line":66,"column":4},"end":{"line":66,"column":48}},"12":{"start":{"line":83,"column":4},"end":{"line":83,"column":61}},"13":{"start":{"line":106,"column":4},"end":{"line":106,"column":69}},"14":{"start":{"line":32,"column":2},"end":{"line":35,"column":null}},"15":{"start":{"line":48,"column":8},"end":{"line":50,"column":null}},"16":{"start":{"line":63,"column":8},"end":{"line":67,"column":null}},"17":{"start":{"line":80,"column":8},"end":{"line":84,"column":null}},"18":{"start":{"line":102,"column":8},"end":{"line":107,"column":null}},"19":{"start":{"line":27,"column":13},"end":{"line":108,"column":null}},"20":{"start":{"line":27,"column":13},"end":{"line":27,"column":30}}},"fnMap":{"0":{"name":"(anonymous_4)","decl":{"start":{"line":28,"column":2},"end":{"line":28,"column":null}},"loc":{"start":{"line":30,"column":61},"end":{"line":31,"column":6}}},"1":{"name":"(anonymous_5)","decl":{"start":{"line":33,"column":2},"end":{"line":33,"column":8}},"loc":{"start":{"line":33,"column":36},"end":{"line":35,"column":3}}},"2":{"name":"(anonymous_6)","decl":{"start":{"line":48,"column":2},"end":{"line":48,"column":7}},"loc":{"start":{"line":48,"column":64},"end":{"line":50,"column":3}}},"3":{"name":"(anonymous_7)","decl":{"start":{"line":63,"column":2},"end":{"line":63,"column":7}},"loc":{"start":{"line":64,"column":41},"end":{"line":67,"column":3}}},"4":{"name":"(anonymous_8)","decl":{"start":{"line":80,"column":2},"end":{"line":80,"column":7}},"loc":{"start":{"line":81,"column":56},"end":{"line":84,"column":3}}},"5":{"name":"(anonymous_9)","decl":{"start":{"line":102,"column":2},"end":{"line":102,"column":7}},"loc":{"start":{"line":104,"column":51},"end":{"line":107,"column":3}}}},"branchMap":{},"s":{"0":2,"1":2,"2":2,"3":2,"4":2,"5":2,"6":2,"7":6,"8":6,"9":1,"10":1,"11":1,"12":1,"13":1,"14":2,"15":2,"16":2,"17":2,"18":2,"19":2,"20":2},"f":{"0":6,"1":1,"2":1,"3":1,"4":1,"5":1},"b":{}}
,"/Users/engine/Documents/Projects/fixture-listing/src/modules/fixture/fixture.module.ts": {"path":"/Users/engine/Documents/Projects/fixture-listing/src/modules/fixture/fixture.module.ts","statementMap":{"0":{"start":{"line":1,"column":0},"end":{"line":1,"column":40}},"1":{"start":{"line":2,"column":0},"end":{"line":2,"column":51}},"2":{"start":{"line":3,"column":0},"end":{"line":3,"column":57}},"3":{"start":{"line":4,"column":0},"end":{"line":4,"column":49}},"4":{"start":{"line":5,"column":0},"end":{"line":5,"column":48}},"5":{"start":{"line":6,"column":0},"end":{"line":6,"column":41}},"6":{"start":{"line":7,"column":0},"end":{"line":7,"column":67}},"7":{"start":{"line":8,"column":0},"end":{"line":8,"column":62}},"8":{"start":{"line":15,"column":7},"end":{"line":15,"column":null}},"9":{"start":{"line":15,"column":13},"end":{"line":15,"column":null}},"10":{"start":{"line":15,"column":13},"end":{"line":15,"column":26}}},"fnMap":{},"branchMap":{},"s":{"0":1,"1":1,"2":1,"3":1,"4":1,"5":1,"6":1,"7":1,"8":1,"9":1,"10":1},"f":{},"b":{}}
,"/Users/engine/Documents/Projects/fixture-listing/src/modules/fixture/fixture.service.ts": {"path":"/Users/engine/Documents/Projects/fixture-listing/src/modules/fixture/fixture.service.ts","statementMap":{"0":{"start":{"line":1,"column":0},"end":{"line":1,"column":81}},"1":{"start":{"line":2,"column":0},"end":{"line":2,"column":51}},"2":{"start":{"line":3,"column":0},"end":{"line":3,"column":74}},"3":{"start":{"line":4,"column":0},"end":{"line":4,"column":86}},"4":{"start":{"line":5,"column":0},"end":{"line":5,"column":63}},"5":{"start":{"line":6,"column":0},"end":{"line":6,"column":41}},"6":{"start":{"line":14,"column":0},"end":{"line":14,"column":51}},"7":{"start":{"line":15,"column":0},"end":{"line":15,"column":69}},"8":{"start":{"line":16,"column":0},"end":{"line":16,"column":62}},"9":{"start":{"line":17,"column":0},"end":{"line":17,"column":46}},"10":{"start":{"line":19,"column":27},"end":{"line":172,"column":null}},"11":{"start":{"line":22,"column":39},"end":{"line":22,"column":52}},"12":{"start":{"line":23,"column":33},"end":{"line":23,"column":46}},"13":{"start":{"line":24,"column":39},"end":{"line":24,"column":58}},"14":{"start":{"line":25,"column":41},"end":{"line":25,"column":62}},"15":{"start":{"line":20,"column":19},"end":{"line":20,"column":68}},"16":{"start":{"line":29,"column":33},"end":{"line":36,"column":19}},"17":{"start":{"line":37,"column":4},"end":{"line":39,"column":6}},"18":{"start":{"line":38,"column":6},"end":{"line":38,"column":61}},"19":{"start":{"line":43,"column":24},"end":{"line":43,"column":88}},"20":{"start":{"line":44,"column":70},"end":{"line":44,"column":77}},"21":{"start":{"line":45,"column":25},"end":{"line":49,"column":null}},"22":{"start":{"line":51,"column":54},"end":{"line":83,"column":6}},"23":{"start":{"line":84,"column":38},"end":{"line":87,"column":6}},"24":{"start":{"line":88,"column":4},"end":{"line":88,"column":85}},"25":{"start":{"line":94,"column":18},"end":{"line":94,"column":null}},"26":{"start":{"line":95,"column":16},"end":{"line":96,"column":26}},"27":{"start":{"line":97,"column":4},"end":{"line":114,"column":null}},"28":{"start":{"line":98,"column":6},"end":{"line":100,"column":null}},"29":{"start":{"line":99,"column":8},"end":{"line":99,"column":85}},"30":{"start":{"line":101,"column":25},"end":{"line":101,"column":77}},"31":{"start":{"line":102,"column":23},"end":{"line":102,"column":67}},"32":{"start":{"line":103,"column":23},"end":{"line":103,"column":67}},"33":{"start":{"line":104,"column":22},"end":{"line":108,"column":null}},"34":{"start":{"line":110,"column":6},"end":{"line":110,"column":43}},"35":{"start":{"line":111,"column":6},"end":{"line":111,"column":21}},"36":{"start":{"line":113,"column":6},"end":{"line":113,"column":16}},"37":{"start":{"line":119,"column":48},"end":{"line":119,"column":53}},"38":{"start":{"line":119,"column":62},"end":{"line":119,"column":87}},"39":{"start":{"line":121,"column":20},"end":{"line":148,"column":6}},"40":{"start":{"line":149,"column":4},"end":{"line":151,"column":null}},"41":{"start":{"line":150,"column":6},"end":{"line":150,"column":60}},"42":{"start":{"line":152,"column":22},"end":{"line":152,"column":53}},"43":{"start":{"line":153,"column":4},"end":{"line":156,"column":null}},"44":{"start":{"line":154,"column":23},"end":{"line":154,"column":67}},"45":{"start":{"line":155,"column":6},"end":{"line":155,"column":62}},"46":{"start":{"line":157,"column":4},"end":{"line":160,"column":null}},"47":{"start":{"line":158,"column":23},"end":{"line":158,"column":67}},"48":{"start":{"line":159,"column":6},"end":{"line":159,"column":62}},"49":{"start":{"line":161,"column":4},"end":{"line":164,"column":null}},"50":{"start":{"line":162,"column":25},"end":{"line":162,"column":77}},"51":{"start":{"line":163,"column":6},"end":{"line":163,"column":64}},"52":{"start":{"line":165,"column":4},"end":{"line":169,"column":7}},"53":{"start":{"line":170,"column":4},"end":{"line":170,"column":26}},"54":{"start":{"line":19,"column":13},"end":{"line":172,"column":null}},"55":{"start":{"line":19,"column":13},"end":{"line":19,"column":27}}},"fnMap":{"0":{"name":"(anonymous_5)","decl":{"start":{"line":21,"column":2},"end":{"line":21,"column":null}},"loc":{"start":{"line":25,"column":81},"end":{"line":26,"column":6}}},"1":{"name":"(anonymous_6)","decl":{"start":{"line":28,"column":2},"end":{"line":28,"column":7}},"loc":{"start":{"line":28,"column":71},"end":{"line":40,"column":3}}},"2":{"name":"(anonymous_7)","decl":{"start":{"line":37,"column":36},"end":{"line":37,"column":37}},"loc":{"start":{"line":38,"column":6},"end":{"line":38,"column":61}}},"3":{"name":"(anonymous_8)","decl":{"start":{"line":42,"column":2},"end":{"line":42,"column":7}},"loc":{"start":{"line":42,"column":44},"end":{"line":89,"column":3}}},"4":{"name":"(anonymous_9)","decl":{"start":{"line":91,"column":2},"end":{"line":91,"column":7}},"loc":{"start":{"line":96,"column":26},"end":{"line":115,"column":3}}},"5":{"name":"(anonymous_10)","decl":{"start":{"line":117,"column":2},"end":{"line":117,"column":7}},"loc":{"start":{"line":119,"column":87},"end":{"line":171,"column":3}}}},"branchMap":{"0":{"loc":{"start":{"line":43,"column":24},"end":{"line":43,"column":88}},"type":"cond-expr","locations":[{"start":{"line":43,"column":40},"end":{"line":43,"column":64}},{"start":{"line":43,"column":67},"end":{"line":43,"column":88}}]},"1":{"loc":{"start":{"line":43,"column":24},"end":{"line":43,"column":37}},"type":"cond-expr","locations":[{"start":{"line":43,"column":31},"end":{"line":43,"column":33}},{"start":{"line":43,"column":24},"end":{"line":43,"column":37}}]},"2":{"loc":{"start":{"line":43,"column":24},"end":{"line":43,"column":33}},"type":"binary-expr","locations":[{"start":{"line":43,"column":24},"end":{"line":43,"column":33}},{"start":{"line":43,"column":24},"end":{"line":43,"column":33}}]},"3":{"loc":{"start":{"line":78,"column":12},"end":{"line":78,"column":88}},"type":"binary-expr","locations":[{"start":{"line":78,"column":12},"end":{"line":78,"column":20}},{"start":{"line":78,"column":24},"end":{"line":78,"column":30}},{"start":{"line":78,"column":34},"end":{"line":78,"column":88}}]},"4":{"loc":{"start":{"line":98,"column":6},"end":{"line":100,"column":null}},"type":"if","locations":[{"start":{"line":98,"column":6},"end":{"line":100,"column":null}}]},"5":{"loc":{"start":{"line":149,"column":4},"end":{"line":151,"column":null}},"type":"if","locations":[{"start":{"line":149,"column":4},"end":{"line":151,"column":null}}]},"6":{"loc":{"start":{"line":153,"column":4},"end":{"line":156,"column":null}},"type":"if","locations":[{"start":{"line":153,"column":4},"end":{"line":156,"column":null}}]},"7":{"loc":{"start":{"line":157,"column":4},"end":{"line":160,"column":null}},"type":"if","locations":[{"start":{"line":157,"column":4},"end":{"line":160,"column":null}}]},"8":{"loc":{"start":{"line":161,"column":4},"end":{"line":164,"column":null}},"type":"if","locations":[{"start":{"line":161,"column":4},"end":{"line":164,"column":null}}]},"9":{"loc":{"start":{"line":167,"column":6},"end":{"line":168,"column":85}},"type":"binary-expr","locations":[{"start":{"line":167,"column":6},"end":{"line":167,"column":46}},{"start":{"line":168,"column":9},"end":{"line":168,"column":84}}]}},"s":{"0":3,"1":3,"2":3,"3":3,"4":3,"5":3,"6":3,"7":3,"8":3,"9":3,"10":3,"11":1,"12":1,"13":1,"14":1,"15":1,"16":0,"17":0,"18":0,"19":1,"20":1,"21":1,"22":1,"23":1,"24":1,"25":2,"26":2,"27":2,"28":2,"29":1,"30":1,"31":1,"32":1,"33":1,"34":1,"35":1,"36":1,"37":2,"38":2,"39":2,"40":2,"41":1,"42":1,"43":1,"44":1,"45":1,"46":1,"47":1,"48":1,"49":1,"50":1,"51":1,"52":1,"53":1,"54":3,"55":3},"f":{"0":1,"1":0,"2":0,"3":1,"4":2,"5":2},"b":{"0":[0,1],"1":[0,1],"2":[1,1],"3":[1,0,0],"4":[1],"5":[1],"6":[1],"7":[1],"8":[1],"9":[1,0]}}
,"/Users/engine/Documents/Projects/fixture-listing/src/modules/fixture/dto/fixture.dto.ts": {"path":"/Users/engine/Documents/Projects/fixture-listing/src/modules/fixture/dto/fixture.dto.ts","statementMap":{"0":{"start":{"line":1,"column":0},"end":{"line":1,"column":46}},"1":{"start":{"line":2,"column":0},"end":{"line":2,"column":null}},"2":{"start":{"line":11,"column":0},"end":{"line":11,"column":72}},"3":{"start":{"line":12,"column":0},"end":{"line":12,"column":90}},"4":{"start":{"line":13,"column":0},"end":{"line":13,"column":49}},"5":{"start":{"line":14,"column":0},"end":{"line":14,"column":84}},"6":{"start":{"line":17,"column":2},"end":{"line":25,"column":null}},"7":{"start":{"line":27,"column":2},"end":{"line":35,"column":null}},"8":{"start":{"line":37,"column":2},"end":{"line":45,"column":null}},"9":{"start":{"line":47,"column":2},"end":{"line":55,"column":null}},"10":{"start":{"line":57,"column":2},"end":{"line":65,"column":null}},"11":{"start":{"line":67,"column":2},"end":{"line":75,"column":null}},"12":{"start":{"line":77,"column":2},"end":{"line":85,"column":null}},"13":{"start":{"line":87,"column":2},"end":{"line":94,"column":null}},"14":{"start":{"line":16,"column":0},"end":{"line":16,"column":13}},"15":{"start":{"line":98,"column":2},"end":{"line":104,"column":null}},"16":{"start":{"line":106,"column":2},"end":{"line":112,"column":null}},"17":{"start":{"line":114,"column":2},"end":{"line":120,"column":null}},"18":{"start":{"line":122,"column":2},"end":{"line":128,"column":null}},"19":{"start":{"line":130,"column":2},"end":{"line":136,"column":null}},"20":{"start":{"line":138,"column":2},"end":{"line":144,"column":null}},"21":{"start":{"line":146,"column":2},"end":{"line":152,"column":null}},"22":{"start":{"line":154,"column":2},"end":{"line":160,"column":null}},"23":{"start":{"line":162,"column":2},"end":{"line":167,"column":null}},"24":{"start":{"line":97,"column":0},"end":{"line":97,"column":13}},"25":{"start":{"line":171,"column":2},"end":{"line":179,"column":null}},"26":{"start":{"line":181,"column":2},"end":{"line":189,"column":null}},"27":{"start":{"line":191,"column":2},"end":{"line":199,"column":null}},"28":{"start":{"line":201,"column":2},"end":{"line":209,"column":null}},"29":{"start":{"line":211,"column":2},"end":{"line":219,"column":null}},"30":{"start":{"line":221,"column":2},"end":{"line":229,"column":null}},"31":{"start":{"line":231,"column":2},"end":{"line":239,"column":null}},"32":{"start":{"line":241,"column":2},"end":{"line":248,"column":null}},"33":{"start":{"line":170,"column":0},"end":{"line":170,"column":13}},"34":{"start":{"line":251,"column":2},"end":{"line":259,"column":null}},"35":{"start":{"line":261,"column":2},"end":{"line":271,"column":null}},"36":{"start":{"line":273,"column":2},"end":{"line":283,"column":null}},"37":{"start":{"line":250,"column":0},"end":{"line":250,"column":13}},"38":{"start":{"line":286,"column":2},"end":{"line":296,"column":null}},"39":{"start":{"line":298,"column":2},"end":{"line":308,"column":null}},"40":{"start":{"line":285,"column":0},"end":{"line":285,"column":13}}},"fnMap":{},"branchMap":{},"s":{"0":2,"1":2,"2":2,"3":2,"4":2,"5":2,"6":2,"7":2,"8":2,"9":2,"10":2,"11":2,"12":2,"13":2,"14":2,"15":2,"16":2,"17":2,"18":2,"19":2,"20":2,"21":2,"22":2,"23":2,"24":2,"25":2,"26":2,"27":2,"28":2,"29":2,"30":2,"31":2,"32":2,"33":2,"34":2,"35":2,"36":2,"37":2,"38":2,"39":2,"40":2},"f":{},"b":{}}
,"/Users/engine/Documents/Projects/fixture-listing/src/modules/fixture/mocks/fixture.mock.ts": {"path":"/Users/engine/Documents/Projects/fixture-listing/src/modules/fixture/mocks/fixture.mock.ts","statementMap":{"0":{"start":{"line":1,"column":13},"end":{"line":24,"column":2}},"1":{"start":{"line":26,"column":13},"end":{"line":32,"column":2}},"2":{"start":{"line":34,"column":13},"end":{"line":34,"column":50}}},"fnMap":{},"branchMap":{},"s":{"0":2,"1":2,"2":2},"f":{},"b":{}}
,"/Users/engine/Documents/Projects/fixture-listing/src/modules/team/team.controller.ts": {"path":"/Users/engine/Documents/Projects/fixture-listing/src/modules/team/team.controller.ts","statementMap":{"0":{"start":{"line":1,"column":0},"end":{"line":1,"column":75}},"1":{"start":{"line":2,"column":0},"end":{"line":2,"column":45}},"2":{"start":{"line":3,"column":0},"end":{"line":3,"column":55}},"3":{"start":{"line":4,"column":0},"end":{"line":4,"column":86}},"4":{"start":{"line":5,"column":0},"end":{"line":5,"column":70}},"5":{"start":{"line":9,"column":7},"end":{"line":43,"column":null}},"6":{"start":{"line":10,"column":31},"end":{"line":10,"column":44}},"7":{"start":{"line":26,"column":4},"end":{"line":26,"column":45}},"8":{"start":{"line":41,"column":4},"end":{"line":41,"column":46}},"9":{"start":{"line":23,"column":8},"end":{"line":27,"column":null}},"10":{"start":{"line":29,"column":2},"end":{"line":42,"column":null}},"11":{"start":{"line":9,"column":13},"end":{"line":43,"column":null}},"12":{"start":{"line":9,"column":13},"end":{"line":9,"column":27}}},"fnMap":{"0":{"name":"(anonymous_4)","decl":{"start":{"line":10,"column":2},"end":{"line":10,"column":31}},"loc":{"start":{"line":10,"column":55},"end":{"line":10,"column":59}}},"1":{"name":"(anonymous_5)","decl":{"start":{"line":23,"column":2},"end":{"line":23,"column":7}},"loc":{"start":{"line":24,"column":38},"end":{"line":27,"column":3}}},"2":{"name":"(anonymous_6)","decl":{"start":{"line":40,"column":2},"end":{"line":40,"column":9}},"loc":{"start":{"line":40,"column":45},"end":{"line":42,"column":3}}}},"branchMap":{},"s":{"0":3,"1":3,"2":3,"3":3,"4":3,"5":3,"6":3,"7":1,"8":1,"9":3,"10":3,"11":3,"12":3},"f":{"0":3,"1":1,"2":1},"b":{}}
,"/Users/engine/Documents/Projects/fixture-listing/src/modules/team/team.module.ts": {"path":"/Users/engine/Documents/Projects/fixture-listing/src/modules/team/team.module.ts","statementMap":{"0":{"start":{"line":1,"column":0},"end":{"line":1,"column":40}},"1":{"start":{"line":2,"column":0},"end":{"line":2,"column":45}},"2":{"start":{"line":3,"column":0},"end":{"line":3,"column":51}},"3":{"start":{"line":4,"column":0},"end":{"line":4,"column":48}},"4":{"start":{"line":5,"column":0},"end":{"line":5,"column":38}},"5":{"start":{"line":13,"column":7},"end":{"line":13,"column":null}},"6":{"start":{"line":13,"column":13},"end":{"line":13,"column":null}},"7":{"start":{"line":13,"column":13},"end":{"line":13,"column":23}}},"fnMap":{},"branchMap":{},"s":{"0":2,"1":2,"2":2,"3":2,"4":2,"5":2,"6":2,"7":2},"f":{},"b":{}}
,"/Users/engine/Documents/Projects/fixture-listing/src/modules/team/team.service.ts": {"path":"/Users/engine/Documents/Projects/fixture-listing/src/modules/team/team.service.ts","statementMap":{"0":{"start":{"line":1,"column":0},"end":{"line":1,"column":87}},"1":{"start":{"line":2,"column":0},"end":{"line":2,"column":51}},"2":{"start":{"line":3,"column":0},"end":{"line":3,"column":54}},"3":{"start":{"line":4,"column":0},"end":{"line":4,"column":38}},"4":{"start":{"line":6,"column":0},"end":{"line":6,"column":86}},"5":{"start":{"line":7,"column":0},"end":{"line":7,"column":74}},"6":{"start":{"line":8,"column":0},"end":{"line":8,"column":61}},"7":{"start":{"line":11,"column":24},"end":{"line":65,"column":null}},"8":{"start":{"line":13,"column":46},"end":{"line":13,"column":56}},"9":{"start":{"line":12,"column":19},"end":{"line":12,"column":65}},"10":{"start":{"line":15,"column":4},"end":{"line":15,"column":70}},"11":{"start":{"line":16,"column":25},"end":{"line":16,"column":52}},"12":{"start":{"line":17,"column":4},"end":{"line":20,"column":null}},"13":{"start":{"line":18,"column":6},"end":{"line":18,"column":70}},"14":{"start":{"line":19,"column":6},"end":{"line":19,"column":13}},"15":{"start":{"line":21,"column":17},"end":{"line":26,"column":null}},"16":{"start":{"line":22,"column":6},"end":{"line":26,"column":8}},"17":{"start":{"line":28,"column":4},"end":{"line":28,"column":35}},"18":{"start":{"line":29,"column":4},"end":{"line":29,"column":68}},"19":{"start":{"line":33,"column":24},"end":{"line":33,"column":69}},"20":{"start":{"line":34,"column":42},"end":{"line":34,"column":49}},"21":{"start":{"line":35,"column":25},"end":{"line":39,"column":null}},"22":{"start":{"line":41,"column":51},"end":{"line":46,"column":6}},"23":{"start":{"line":47,"column":35},"end":{"line":50,"column":6}},"24":{"start":{"line":51,"column":4},"end":{"line":51,"column":93}},"25":{"start":{"line":55,"column":17},"end":{"line":59,"column":6}},"26":{"start":{"line":60,"column":4},"end":{"line":62,"column":null}},"27":{"start":{"line":61,"column":6},"end":{"line":61,"column":57}},"28":{"start":{"line":63,"column":4},"end":{"line":63,"column":16}},"29":{"start":{"line":11,"column":13},"end":{"line":65,"column":null}},"30":{"start":{"line":11,"column":13},"end":{"line":11,"column":24}}},"fnMap":{"0":{"name":"(anonymous_4)","decl":{"start":{"line":13,"column":2},"end":{"line":13,"column":15}},"loc":{"start":{"line":13,"column":72},"end":{"line":13,"column":76}}},"1":{"name":"(anonymous_5)","decl":{"start":{"line":14,"column":2},"end":{"line":14,"column":7}},"loc":{"start":{"line":14,"column":20},"end":{"line":30,"column":3}}},"2":{"name":"(anonymous_6)","decl":{"start":{"line":21,"column":36},"end":{"line":21,"column":37}},"loc":{"start":{"line":22,"column":6},"end":{"line":26,"column":8}}},"3":{"name":"(anonymous_7)","decl":{"start":{"line":32,"column":2},"end":{"line":32,"column":7}},"loc":{"start":{"line":32,"column":41},"end":{"line":52,"column":3}}},"4":{"name":"(anonymous_8)","decl":{"start":{"line":54,"column":2},"end":{"line":54,"column":7}},"loc":{"start":{"line":54,"column":32},"end":{"line":64,"column":3}}}},"branchMap":{"0":{"loc":{"start":{"line":17,"column":4},"end":{"line":20,"column":null}},"type":"if","locations":[{"start":{"line":17,"column":4},"end":{"line":20,"column":null}}]},"1":{"loc":{"start":{"line":23,"column":14},"end":{"line":23,"column":21}},"type":"cond-expr","locations":[{"start":{"line":23,"column":15},"end":{"line":23,"column":17}},{"start":{"line":23,"column":14},"end":{"line":23,"column":21}}]},"2":{"loc":{"start":{"line":23,"column":14},"end":{"line":23,"column":17}},"type":"binary-expr","locations":[{"start":{"line":23,"column":14},"end":{"line":23,"column":17}},{"start":{"line":23,"column":14},"end":{"line":23,"column":17}}]},"3":{"loc":{"start":{"line":24,"column":14},"end":{"line":24,"column":26}},"type":"cond-expr","locations":[{"start":{"line":24,"column":15},"end":{"line":24,"column":17}},{"start":{"line":24,"column":14},"end":{"line":24,"column":26}}]},"4":{"loc":{"start":{"line":24,"column":14},"end":{"line":24,"column":17}},"type":"binary-expr","locations":[{"start":{"line":24,"column":14},"end":{"line":24,"column":17}},{"start":{"line":24,"column":14},"end":{"line":24,"column":17}}]},"5":{"loc":{"start":{"line":25,"column":19},"end":{"line":25,"column":30}},"type":"cond-expr","locations":[{"start":{"line":25,"column":20},"end":{"line":25,"column":22}},{"start":{"line":25,"column":19},"end":{"line":25,"column":30}}]},"6":{"loc":{"start":{"line":25,"column":19},"end":{"line":25,"column":22}},"type":"binary-expr","locations":[{"start":{"line":25,"column":19},"end":{"line":25,"column":22}},{"start":{"line":25,"column":19},"end":{"line":25,"column":22}}]},"7":{"loc":{"start":{"line":33,"column":24},"end":{"line":33,"column":69}},"type":"cond-expr","locations":[{"start":{"line":33,"column":40},"end":{"line":33,"column":64}},{"start":{"line":33,"column":67},"end":{"line":33,"column":69}}]},"8":{"loc":{"start":{"line":33,"column":24},"end":{"line":33,"column":37}},"type":"cond-expr","locations":[{"start":{"line":33,"column":31},"end":{"line":33,"column":33}},{"start":{"line":33,"column":24},"end":{"line":33,"column":37}}]},"9":{"loc":{"start":{"line":33,"column":24},"end":{"line":33,"column":33}},"type":"binary-expr","locations":[{"start":{"line":33,"column":24},"end":{"line":33,"column":33}},{"start":{"line":33,"column":24},"end":{"line":33,"column":33}}]},"10":{"loc":{"start":{"line":60,"column":4},"end":{"line":62,"column":null}},"type":"if","locations":[{"start":{"line":60,"column":4},"end":{"line":62,"column":null}}]}},"s":{"0":6,"1":6,"2":6,"3":6,"4":6,"5":6,"6":6,"7":6,"8":1,"9":1,"10":2,"11":2,"12":2,"13":1,"14":1,"15":1,"16":1,"17":1,"18":1,"19":1,"20":1,"21":1,"22":1,"23":1,"24":1,"25":2,"26":2,"27":1,"28":1,"29":6,"30":6},"f":{"0":1,"1":2,"2":1,"3":1,"4":2},"b":{"0":[1],"1":[0,1],"2":[1,1],"3":[0,1],"4":[1,1],"5":[0,1],"6":[1,1],"7":[0,1],"8":[0,1],"9":[1,1],"10":[1]}}
,"/Users/engine/Documents/Projects/fixture-listing/src/modules/team/dto/team.dto.ts": {"path":"/Users/engine/Documents/Projects/fixture-listing/src/modules/team/dto/team.dto.ts","statementMap":{"0":{"start":{"line":1,"column":0},"end":{"line":1,"column":46}},"1":{"start":{"line":2,"column":0},"end":{"line":2,"column":55}},"2":{"start":{"line":3,"column":0},"end":{"line":3,"column":84}},"3":{"start":{"line":5,"column":0},"end":{"line":5,"column":13}},"4":{"start":{"line":8,"column":2},"end":{"line":14,"column":null}},"5":{"start":{"line":16,"column":2},"end":{"line":22,"column":null}},"6":{"start":{"line":24,"column":2},"end":{"line":30,"column":null}},"7":{"start":{"line":7,"column":0},"end":{"line":7,"column":13}},"8":{"start":{"line":34,"column":2},"end":{"line":42,"column":null}},"9":{"start":{"line":33,"column":0},"end":{"line":33,"column":13}}},"fnMap":{},"branchMap":{},"s":{"0":4,"1":4,"2":4,"3":4,"4":4,"5":4,"6":4,"7":4,"8":4,"9":4},"f":{},"b":{}}
,"/Users/engine/Documents/Projects/fixture-listing/src/modules/team/mocks/team.mock.ts": {"path":"/Users/engine/Documents/Projects/fixture-listing/src/modules/team/mocks/team.mock.ts","statementMap":{"0":{"start":{"line":1,"column":13},"end":{"line":4,"column":2}},"1":{"start":{"line":5,"column":13},"end":{"line":11,"column":2}},"2":{"start":{"line":12,"column":13},"end":{"line":24,"column":2}}},"fnMap":{},"branchMap":{},"s":{"0":2,"1":2,"2":2},"f":{},"b":{}}
,"/Users/engine/Documents/Projects/fixture-listing/src/modules/tournament/tournament.controller.ts": {"path":"/Users/engine/Documents/Projects/fixture-listing/src/modules/tournament/tournament.controller.ts","statementMap":{"0":{"start":{"line":1,"column":0},"end":{"line":1,"column":75}},"1":{"start":{"line":2,"column":0},"end":{"line":2,"column":55}},"2":{"start":{"line":3,"column":0},"end":{"line":3,"column":86}},"3":{"start":{"line":4,"column":0},"end":{"line":4,"column":88}},"4":{"start":{"line":5,"column":0},"end":{"line":5,"column":57}},"5":{"start":{"line":9,"column":7},"end":{"line":43,"column":null}},"6":{"start":{"line":10,"column":31},"end":{"line":10,"column":50}},"7":{"start":{"line":26,"column":4},"end":{"line":26,"column":51}},"8":{"start":{"line":41,"column":4},"end":{"line":41,"column":57}},"9":{"start":{"line":23,"column":8},"end":{"line":27,"column":null}},"10":{"start":{"line":29,"column":2},"end":{"line":42,"column":null}},"11":{"start":{"line":9,"column":13},"end":{"line":43,"column":null}},"12":{"start":{"line":9,"column":13},"end":{"line":9,"column":33}}},"fnMap":{"0":{"name":"(anonymous_4)","decl":{"start":{"line":10,"column":2},"end":{"line":10,"column":31}},"loc":{"start":{"line":10,"column":67},"end":{"line":10,"column":71}}},"1":{"name":"(anonymous_5)","decl":{"start":{"line":23,"column":2},"end":{"line":23,"column":7}},"loc":{"start":{"line":24,"column":44},"end":{"line":27,"column":3}}},"2":{"name":"(anonymous_6)","decl":{"start":{"line":40,"column":2},"end":{"line":40,"column":9}},"loc":{"start":{"line":40,"column":55},"end":{"line":42,"column":3}}}},"branchMap":{},"s":{"0":2,"1":2,"2":2,"3":2,"4":2,"5":2,"6":3,"7":1,"8":1,"9":2,"10":2,"11":2,"12":2},"f":{"0":3,"1":1,"2":1},"b":{}}
,"/Users/engine/Documents/Projects/fixture-listing/src/modules/tournament/tournament.module.ts": {"path":"/Users/engine/Documents/Projects/fixture-listing/src/modules/tournament/tournament.module.ts","statementMap":{"0":{"start":{"line":1,"column":0},"end":{"line":1,"column":40}},"1":{"start":{"line":2,"column":0},"end":{"line":2,"column":48}},"2":{"start":{"line":3,"column":0},"end":{"line":3,"column":44}},"3":{"start":{"line":4,"column":0},"end":{"line":4,"column":63}},"4":{"start":{"line":5,"column":0},"end":{"line":5,"column":57}},"5":{"start":{"line":13,"column":7},"end":{"line":13,"column":null}},"6":{"start":{"line":13,"column":13},"end":{"line":13,"column":null}},"7":{"start":{"line":13,"column":13},"end":{"line":13,"column":29}}},"fnMap":{},"branchMap":{},"s":{"0":1,"1":1,"2":1,"3":1,"4":1,"5":1,"6":1,"7":1},"f":{},"b":{}}
,"/Users/engine/Documents/Projects/fixture-listing/src/modules/tournament/tournament.service.ts": {"path":"/Users/engine/Documents/Projects/fixture-listing/src/modules/tournament/tournament.service.ts","statementMap":{"0":{"start":{"line":1,"column":0},"end":{"line":1,"column":87}},"1":{"start":{"line":2,"column":0},"end":{"line":2,"column":51}},"2":{"start":{"line":3,"column":0},"end":{"line":3,"column":44}},"3":{"start":{"line":4,"column":0},"end":{"line":4,"column":54}},"4":{"start":{"line":5,"column":0},"end":{"line":5,"column":74}},"5":{"start":{"line":6,"column":0},"end":{"line":6,"column":71}},"6":{"start":{"line":8,"column":0},"end":{"line":8,"column":86}},"7":{"start":{"line":10,"column":30},"end":{"line":70,"column":null}},"8":{"start":{"line":12,"column":52},"end":{"line":12,"column":68}},"9":{"start":{"line":11,"column":19},"end":{"line":11,"column":71}},"10":{"start":{"line":14,"column":4},"end":{"line":14,"column":70}},"11":{"start":{"line":15,"column":25},"end":{"line":15,"column":58}},"12":{"start":{"line":16,"column":4},"end":{"line":19,"column":null}},"13":{"start":{"line":17,"column":6},"end":{"line":17,"column":70}},"14":{"start":{"line":18,"column":6},"end":{"line":18,"column":13}},"15":{"start":{"line":20,"column":17},"end":{"line":24,"column":null}},"16":{"start":{"line":21,"column":6},"end":{"line":24,"column":8}},"17":{"start":{"line":26,"column":4},"end":{"line":26,"column":41}},"18":{"start":{"line":27,"column":4},"end":{"line":27,"column":68}},"19":{"start":{"line":33,"column":24},"end":{"line":33,"column":69}},"20":{"start":{"line":34,"column":42},"end":{"line":34,"column":49}},"21":{"start":{"line":35,"column":25},"end":{"line":39,"column":null}},"22":{"start":{"line":41,"column":57},"end":{"line":46,"column":6}},"23":{"start":{"line":47,"column":41},"end":{"line":50,"column":6}},"24":{"start":{"line":51,"column":4},"end":{"line":56,"column":6}},"25":{"start":{"line":60,"column":23},"end":{"line":64,"column":6}},"26":{"start":{"line":65,"column":4},"end":{"line":67,"column":null}},"27":{"start":{"line":66,"column":6},"end":{"line":66,"column":63}},"28":{"start":{"line":68,"column":4},"end":{"line":68,"column":22}},"29":{"start":{"line":10,"column":13},"end":{"line":70,"column":null}},"30":{"start":{"line":10,"column":13},"end":{"line":10,"column":30}}},"fnMap":{"0":{"name":"(anonymous_4)","decl":{"start":{"line":12,"column":2},"end":{"line":12,"column":15}},"loc":{"start":{"line":12,"column":90},"end":{"line":12,"column":94}}},"1":{"name":"(anonymous_5)","decl":{"start":{"line":13,"column":2},"end":{"line":13,"column":7}},"loc":{"start":{"line":13,"column":20},"end":{"line":28,"column":3}}},"2":{"name":"(anonymous_6)","decl":{"start":{"line":20,"column":40},"end":{"line":20,"column":41}},"loc":{"start":{"line":21,"column":6},"end":{"line":24,"column":8}}},"3":{"name":"(anonymous_7)","decl":{"start":{"line":30,"column":2},"end":{"line":30,"column":7}},"loc":{"start":{"line":31,"column":35},"end":{"line":57,"column":3}}},"4":{"name":"(anonymous_8)","decl":{"start":{"line":59,"column":2},"end":{"line":59,"column":7}},"loc":{"start":{"line":59,"column":38},"end":{"line":69,"column":3}}}},"branchMap":{"0":{"loc":{"start":{"line":16,"column":4},"end":{"line":19,"column":null}},"type":"if","locations":[{"start":{"line":16,"column":4},"end":{"line":19,"column":null}}]},"1":{"loc":{"start":{"line":22,"column":14},"end":{"line":22,"column":21}},"type":"cond-expr","locations":[{"start":{"line":22,"column":15},"end":{"line":22,"column":17}},{"start":{"line":22,"column":14},"end":{"line":22,"column":21}}]},"2":{"loc":{"start":{"line":22,"column":14},"end":{"line":22,"column":17}},"type":"binary-expr","locations":[{"start":{"line":22,"column":14},"end":{"line":22,"column":17}},{"start":{"line":22,"column":14},"end":{"line":22,"column":17}}]},"3":{"loc":{"start":{"line":23,"column":14},"end":{"line":23,"column":21}},"type":"cond-expr","locations":[{"start":{"line":23,"column":15},"end":{"line":23,"column":17}},{"start":{"line":23,"column":14},"end":{"line":23,"column":21}}]},"4":{"loc":{"start":{"line":23,"column":14},"end":{"line":23,"column":17}},"type":"binary-expr","locations":[{"start":{"line":23,"column":14},"end":{"line":23,"column":17}},{"start":{"line":23,"column":14},"end":{"line":23,"column":17}}]},"5":{"loc":{"start":{"line":33,"column":24},"end":{"line":33,"column":69}},"type":"cond-expr","locations":[{"start":{"line":33,"column":40},"end":{"line":33,"column":64}},{"start":{"line":33,"column":67},"end":{"line":33,"column":69}}]},"6":{"loc":{"start":{"line":33,"column":24},"end":{"line":33,"column":37}},"type":"cond-expr","locations":[{"start":{"line":33,"column":31},"end":{"line":33,"column":33}},{"start":{"line":33,"column":24},"end":{"line":33,"column":37}}]},"7":{"loc":{"start":{"line":33,"column":24},"end":{"line":33,"column":33}},"type":"binary-expr","locations":[{"start":{"line":33,"column":24},"end":{"line":33,"column":33}},{"start":{"line":33,"column":24},"end":{"line":33,"column":33}}]},"8":{"loc":{"start":{"line":65,"column":4},"end":{"line":67,"column":null}},"type":"if","locations":[{"start":{"line":65,"column":4},"end":{"line":67,"column":null}}]}},"s":{"0":5,"1":5,"2":5,"3":5,"4":5,"5":5,"6":5,"7":5,"8":1,"9":1,"10":2,"11":2,"12":2,"13":1,"14":1,"15":1,"16":2,"17":1,"18":1,"19":1,"20":1,"21":1,"22":1,"23":1,"24":1,"25":2,"26":2,"27":1,"28":1,"29":5,"30":5},"f":{"0":1,"1":2,"2":2,"3":1,"4":2},"b":{"0":[1],"1":[0,2],"2":[2,2],"3":[0,2],"4":[2,2],"5":[0,1],"6":[0,1],"7":[1,1],"8":[1]}}
,"/Users/engine/Documents/Projects/fixture-listing/src/modules/tournament/dto/tournament.dto.ts": {"path":"/Users/engine/Documents/Projects/fixture-listing/src/modules/tournament/dto/tournament.dto.ts","statementMap":{"0":{"start":{"line":1,"column":0},"end":{"line":1,"column":46}},"1":{"start":{"line":2,"column":0},"end":{"line":2,"column":55}},"2":{"start":{"line":3,"column":0},"end":{"line":3,"column":84}},"3":{"start":{"line":6,"column":2},"end":{"line":12,"column":null}},"4":{"start":{"line":14,"column":2},"end":{"line":20,"column":null}},"5":{"start":{"line":5,"column":0},"end":{"line":5,"column":13}},"6":{"start":{"line":24,"column":2},"end":{"line":32,"column":null}},"7":{"start":{"line":23,"column":0},"end":{"line":23,"column":13}}},"fnMap":{},"branchMap":{},"s":{"0":3,"1":3,"2":3,"3":3,"4":3,"5":3,"6":3,"7":3},"f":{},"b":{}}
,"/Users/engine/Documents/Projects/fixture-listing/src/modules/tournament/mocks/tournament.mock.ts": {"path":"/Users/engine/Documents/Projects/fixture-listing/src/modules/tournament/mocks/tournament.mock.ts","statementMap":{"0":{"start":{"line":1,"column":13},"end":{"line":4,"column":2}},"1":{"start":{"line":5,"column":13},"end":{"line":11,"column":2}}},"fnMap":{},"branchMap":{},"s":{"0":2,"1":2},"f":{},"b":{}}
,"/Users/engine/Documents/Projects/fixture-listing/src/shared/contants.ts": {"path":"/Users/engine/Documents/Projects/fixture-listing/src/shared/contants.ts","statementMap":{"0":{"start":{"line":1,"column":13},"end":{"line":3,"column":2}},"1":{"start":{"line":5,"column":0},"end":{"line":5,"column":null}},"2":{"start":{"line":6,"column":2},"end":{"line":6,"column":null}},"3":{"start":{"line":7,"column":2},"end":{"line":7,"column":null}},"4":{"start":{"line":8,"column":2},"end":{"line":8,"column":null}}},"fnMap":{"0":{"name":"(anonymous_0)","decl":{"start":{"line":5,"column":0},"end":{"line":5,"column":12}},"loc":{"start":{"line":5,"column":26},"end":{"line":9,"column":1}}}},"branchMap":{"0":{"loc":{"start":{"line":5,"column":12},"end":{"line":5,"column":null}},"type":"binary-expr","locations":[{"start":{"line":5,"column":12},"end":{"line":5,"column":26}},{"start":{"line":5,"column":12},"end":{"line":5,"column":null}}]}},"s":{"0":8,"1":8,"2":8,"3":8,"4":8},"f":{"0":8},"b":{"0":[8,8]}}
,"/Users/engine/Documents/Projects/fixture-listing/src/shared/helpers.ts": {"path":"/Users/engine/Documents/Projects/fixture-listing/src/shared/helpers.ts","statementMap":{"0":{"start":{"line":1,"column":0},"end":{"line":1,"column":31}},"1":{"start":{"line":4,"column":17},"end":{"line":4,"column":19}},"2":{"start":{"line":5,"column":2},"end":{"line":10,"column":5}},"3":{"start":{"line":6,"column":4},"end":{"line":9,"column":60}},"4":{"start":{"line":6,"column":41},"end":{"line":6,"column":116}},"5":{"start":{"line":7,"column":9},"end":{"line":9,"column":60}},"6":{"start":{"line":8,"column":6},"end":{"line":8,"column":41}},"7":{"start":{"line":9,"column":9},"end":{"line":9,"column":60}},"8":{"start":{"line":9,"column":38},"end":{"line":9,"column":60}},"9":{"start":{"line":11,"column":2},"end":{"line":11,"column":16}},"10":{"start":{"line":3,"column":0},"end":{"line":3,"column":16}}},"fnMap":{"0":{"name":"removeEmptyAndApplyTypeOrmOperator","decl":{"start":{"line":3,"column":16},"end":{"line":3,"column":50}},"loc":{"start":{"line":3,"column":89},"end":{"line":12,"column":1}}},"1":{"name":"(anonymous_1)","decl":{"start":{"line":5,"column":30},"end":{"line":5,"column":31}},"loc":{"start":{"line":5,"column":36},"end":{"line":10,"column":3}}}},"branchMap":{"0":{"loc":{"start":{"line":6,"column":4},"end":{"line":9,"column":60}},"type":"if","locations":[{"start":{"line":6,"column":4},"end":{"line":9,"column":60}},{"start":{"line":7,"column":9},"end":{"line":9,"column":60}}]},"1":{"loc":{"start":{"line":7,"column":9},"end":{"line":9,"column":60}},"type":"if","locations":[{"start":{"line":7,"column":9},"end":{"line":9,"column":60}},{"start":{"line":9,"column":9},"end":{"line":9,"column":60}}]},"2":{"loc":{"start":{"line":7,"column":13},"end":{"line":7,"column":68}},"type":"binary-expr","locations":[{"start":{"line":7,"column":13},"end":{"line":7,"column":36}},{"start":{"line":7,"column":40},"end":{"line":7,"column":68}}]},"3":{"loc":{"start":{"line":9,"column":9},"end":{"line":9,"column":60}},"type":"if","locations":[{"start":{"line":9,"column":9},"end":{"line":9,"column":60}}]}},"s":{"0":9,"1":2,"2":2,"3":4,"4":1,"5":3,"6":2,"7":1,"8":1,"9":2,"10":9},"f":{"0":2,"1":4},"b":{"0":[1,3],"1":[2,1],"2":[3,3],"3":[1]}}
,"/Users/engine/Documents/Projects/fixture-listing/src/shared/index.ts": {"path":"/Users/engine/Documents/Projects/fixture-listing/src/shared/index.ts","statementMap":{"0":{"start":{"line":1,"column":0},"end":{"line":1,"column":27}},"1":{"start":{"line":2,"column":0},"end":{"line":2,"column":27}}},"fnMap":{},"branchMap":{},"s":{"0":8,"1":8},"f":{},"b":{}}
,"/Users/engine/Documents/Projects/fixture-listing/src/shared/entities/base.entity.ts": {"path":"/Users/engine/Documents/Projects/fixture-listing/src/shared/entities/base.entity.ts","statementMap":{"0":{"start":{"line":1,"column":0},"end":{"line":1,"column":61}},"1":{"start":{"line":18,"column":4},"end":{"line":18,"column":32}},"2":{"start":{"line":19,"column":4},"end":{"line":19,"column":32}},"3":{"start":{"line":24,"column":4},"end":{"line":24,"column":32}},"4":{"start":{"line":4,"column":2},"end":{"line":5,"column":null}},"5":{"start":{"line":7,"column":2},"end":{"line":8,"column":null}},"6":{"start":{"line":10,"column":2},"end":{"line":11,"column":null}},"7":{"start":{"line":13,"column":2},"end":{"line":14,"column":null}},"8":{"start":{"line":16,"column":2},"end":{"line":20,"column":null}},"9":{"start":{"line":22,"column":2},"end":{"line":25,"column":null}},"10":{"start":{"line":3,"column":0},"end":{"line":3,"column":13}}},"fnMap":{"0":{"name":"(anonymous_2)","decl":{"start":{"line":17,"column":2},"end":{"line":17,"column":13}},"loc":{"start":{"line":17,"column":13},"end":{"line":20,"column":3}}},"1":{"name":"(anonymous_3)","decl":{"start":{"line":23,"column":2},"end":{"line":23,"column":12}},"loc":{"start":{"line":23,"column":12},"end":{"line":25,"column":3}}}},"branchMap":{},"s":{"0":8,"1":0,"2":0,"3":0,"4":8,"5":8,"6":8,"7":8,"8":8,"9":8,"10":8},"f":{"0":0,"1":0},"b":{}}
,"/Users/engine/Documents/Projects/fixture-listing/src/shared/entities/index.ts": {"path":"/Users/engine/Documents/Projects/fixture-listing/src/shared/entities/index.ts","statementMap":{"0":{"start":{"line":1,"column":0},"end":{"line":1,"column":30}}},"fnMap":{},"branchMap":{},"s":{"0":8},"f":{},"b":{}}
,"/Users/engine/Documents/Projects/fixture-listing/src/shared/pagination/paginated-response.dto.ts": {"path":"/Users/engine/Documents/Projects/fixture-listing/src/shared/pagination/paginated-response.dto.ts","statementMap":{"0":{"start":{"line":3,"column":4},"end":{"line":3,"column":21}},"1":{"start":{"line":4,"column":4},"end":{"line":4,"column":21}},"2":{"start":{"line":5,"column":4},"end":{"line":5,"column":21}},"3":{"start":{"line":6,"column":4},"end":{"line":6,"column":39}},"4":{"start":{"line":7,"column":4},"end":{"line":7,"column":64}},"5":{"start":{"line":1,"column":0},"end":{"line":1,"column":13}}},"fnMap":{"0":{"name":"(anonymous_0)","decl":{"start":{"line":2,"column":2},"end":{"line":2,"column":14}},"loc":{"start":{"line":2,"column":74},"end":{"line":8,"column":3}}}},"branchMap":{},"s":{"0":3,"1":3,"2":3,"3":3,"4":3,"5":8},"f":{"0":3},"b":{}}
,"/Users/engine/Documents/Projects/fixture-listing/src/shared/pagination/paginatio-input.dto.ts": {"path":"/Users/engine/Documents/Projects/fixture-listing/src/shared/pagination/paginatio-input.dto.ts","statementMap":{"0":{"start":{"line":1,"column":0},"end":{"line":1,"column":46}},"1":{"start":{"line":2,"column":0},"end":{"line":2,"column":41}},"2":{"start":{"line":3,"column":0},"end":{"line":3,"column":63}},"3":{"start":{"line":4,"column":0},"end":{"line":4,"column":48}},"4":{"start":{"line":28,"column":4},"end":{"line":28,"column":66}},"5":{"start":{"line":7,"column":2},"end":{"line":10,"column":null}},"6":{"start":{"line":8,"column":14},"end":{"line":8,"column":20}},"7":{"start":{"line":12,"column":2},"end":{"line":15,"column":null}},"8":{"start":{"line":13,"column":14},"end":{"line":13,"column":20}},"9":{"start":{"line":17,"column":2},"end":{"line":25,"column":null}},"10":{"start":{"line":6,"column":0},"end":{"line":6,"column":22}}},"fnMap":{"0":{"name":"(anonymous_2)","decl":{"start":{"line":27,"column":2},"end":{"line":27,"column":6}},"loc":{"start":{"line":27,"column":10},"end":{"line":29,"column":3}}},"1":{"name":"(anonymous_3)","decl":{"start":{"line":8,"column":8},"end":{"line":8,"column":11}},"loc":{"start":{"line":8,"column":14},"end":{"line":8,"column":20}}},"2":{"name":"(anonymous_4)","decl":{"start":{"line":13,"column":8},"end":{"line":13,"column":11}},"loc":{"start":{"line":13,"column":14},"end":{"line":13,"column":20}}}},"branchMap":{},"s":{"0":5,"1":5,"2":5,"3":5,"4":0,"5":5,"6":0,"7":5,"8":0,"9":5,"10":5},"f":{"0":0,"1":0,"2":0},"b":{}}
}
