TN:
SF:src/app.controller.ts
FN:6,(anonymous_2)
FN:9,(anonymous_3)
FNF:2
FNH:2
FNDA:1,(anonymous_2)
FNDA:1,(anonymous_3)
DA:1,2
DA:2,2
DA:5,2
DA:6,1
DA:8,2
DA:10,1
LF:6
LH:6
BRF:0
BRH:0
end_of_record
TN:
SF:src/app.module.ts
FN:33,(anonymous_1)
FNF:1
FNH:1
FNDA:1,(anonymous_1)
DA:1,1
DA:3,1
DA:4,1
DA:5,1
DA:6,1
DA:7,1
DA:8,1
DA:9,1
DA:10,1
DA:11,1
DA:12,1
DA:13,1
DA:14,1
DA:15,1
DA:32,1
DA:34,1
DA:35,1
LF:17
LH:17
BRF:0
BRH:0
end_of_record
TN:
SF:src/app.service.ts
FN:5,(anonymous_1)
FNF:1
FNH:1
FNDA:1,(anonymous_1)
DA:1,2
DA:4,2
DA:6,1
LF:3
LH:3
BRF:0
BRH:0
end_of_record
TN:
SF:src/main.ts
FN:10,bootstrap
FN:31,(anonymous_1)
FN:35,(anonymous_2)
FN:45,initializeSwagger
FNF:4
FNH:0
FNDA:0,bootstrap
FNDA:0,(anonymous_1)
FNDA:0,(anonymous_2)
FNDA:0,initializeSwagger
DA:1,0
DA:2,0
DA:3,0
DA:5,0
DA:6,0
DA:7,0
DA:8,0
DA:11,0
DA:17,0
DA:18,0
DA:27,0
DA:28,0
DA:29,0
DA:30,0
DA:31,0
DA:32,0
DA:34,0
DA:35,0
DA:36,0
DA:37,0
DA:46,0
DA:47,0
DA:48,0
DA:49,0
DA:55,0
DA:56,0
DA:59,0
LF:27
LH:0
BRF:0
BRH:0
end_of_record
TN:
SF:src/common/config/config.module.ts
FNF:0
FNH:0
DA:1,2
DA:3,2
DA:9,2
LF:3
LH:3
BRF:0
BRH:0
end_of_record
TN:
SF:src/common/config/config.provider.ts
FN:8,(anonymous_0)
FN:10,(anonymous_1)
FN:14,(anonymous_2)
FNF:3
FNH:1
FNDA:0,(anonymous_0)
FNDA:0,(anonymous_1)
FNDA:1,(anonymous_2)
DA:2,2
DA:3,2
DA:4,2
DA:6,2
DA:9,0
DA:10,0
DA:14,2
DA:15,1
LF:8
LH:6
BRF:0
BRH:0
end_of_record
TN:
SF:src/common/config/index.ts
FNF:0
FNH:0
DA:1,2
DA:2,2
LF:2
LH:2
BRF:0
BRH:0
end_of_record
TN:
SF:src/common/helpers/helper.ts
FN:4,createTypeOrmOptions
FNF:1
FNH:1
FNDA:1,createTypeOrmOptions
DA:2,1
DA:4,1
DA:5,1
DA:6,1
LF:4
LH:4
BRF:0
BRH:0
end_of_record
TN:
SF:src/entities/fixture.entity.ts
FN:11,(anonymous_2)
FN:11,(anonymous_3)
FN:14,(anonymous_4)
FN:14,(anonymous_5)
FN:17,(anonymous_6)
FN:17,(anonymous_7)
FNF:6
FNH:0
FNDA:0,(anonymous_2)
FNDA:0,(anonymous_3)
FNDA:0,(anonymous_4)
FNDA:0,(anonymous_5)
FNDA:0,(anonymous_6)
FNDA:0,(anonymous_7)
DA:1,8
DA:2,8
DA:3,8
DA:4,8
DA:7,8
DA:8,8
DA:11,8
DA:14,8
DA:17,8
DA:20,8
DA:23,8
DA:26,8
DA:29,8
DA:32,8
LF:14
LH:14
BRF:0
BRH:0
end_of_record
TN:
SF:src/entities/index.ts
FNF:0
FNH:0
DA:1,8
DA:2,8
DA:3,8
LF:3
LH:3
BRF:0
BRH:0
end_of_record
TN:
SF:src/entities/team.entity.ts
FNF:0
FNH:0
DA:1,8
DA:2,8
DA:5,8
DA:6,8
DA:9,8
DA:12,8
LF:6
LH:6
BRF:0
BRH:0
end_of_record
TN:
SF:src/entities/tournament.entity.ts
FNF:0
FNH:0
DA:1,8
DA:2,8
DA:5,8
DA:6,8
DA:9,8
LF:5
LH:5
BRF:0
BRH:0
end_of_record
TN:
SF:src/filters/http-exception.filter.ts
FN:6,(anonymous_1)
FNF:1
FNH:1
FNDA:1,(anonymous_1)
DA:1,1
DA:5,1
DA:7,1
DA:8,1
DA:9,1
DA:10,1
DA:11,1
DA:13,1
LF:8
LH:8
BRF:0
BRH:0
end_of_record
TN:
SF:src/middlewares/index.ts
FNF:0
FNH:0
DA:1,0
LF:1
LH:0
BRF:0
BRH:0
end_of_record
TN:
SF:src/middlewares/logger.middleware.ts
FN:5,(anonymous_1)
FN:7,(anonymous_2)
FNF:2
FNH:2
FNDA:1,(anonymous_1)
FNDA:1,(anonymous_2)
DA:1,1
DA:5,1
DA:6,1
DA:10,1
LF:4
LH:4
BRF:0
BRH:0
end_of_record
TN:
SF:src/middlewares/user.middleware.ts
FN:5,(anonymous_1)
FNF:1
FNH:1
FNDA:1,(anonymous_1)
DA:1,2
DA:4,2
DA:6,1
DA:7,1
LF:4
LH:4
BRF:0
BRH:0
end_of_record
TN:
SF:src/modules/fixture/fixture-event.service.ts
FN:6,(anonymous_1)
FN:9,(anonymous_2)
FN:13,(anonymous_3)
FNF:3
FNH:3
FNDA:1,(anonymous_1)
FNDA:1,(anonymous_2)
FNDA:1,(anonymous_3)
DA:1,4
DA:2,4
DA:3,4
DA:6,4
DA:7,1
DA:8,1
DA:10,1
DA:14,1
LF:8
LH:8
BRF:0
BRH:0
end_of_record
TN:
SF:src/modules/fixture/fixture.controller.ts
FN:28,(anonymous_4)
FN:33,(anonymous_5)
FN:48,(anonymous_6)
FN:63,(anonymous_7)
FN:80,(anonymous_8)
FN:102,(anonymous_9)
FNF:6
FNH:6
FNDA:6,(anonymous_4)
FNDA:1,(anonymous_5)
FNDA:1,(anonymous_6)
FNDA:1,(anonymous_7)
FNDA:1,(anonymous_8)
FNDA:1,(anonymous_9)
DA:1,2
DA:13,2
DA:14,2
DA:15,2
DA:22,2
DA:23,2
DA:27,2
DA:29,6
DA:30,6
DA:32,2
DA:34,1
DA:48,2
DA:49,1
DA:63,2
DA:66,1
DA:80,2
DA:83,1
DA:102,2
DA:106,1
LF:19
LH:19
BRF:0
BRH:0
end_of_record
TN:
SF:src/modules/fixture/fixture.module.ts
FNF:0
FNH:0
DA:1,1
DA:2,1
DA:3,1
DA:4,1
DA:5,1
DA:6,1
DA:7,1
DA:8,1
DA:15,1
LF:9
LH:9
BRF:0
BRH:0
end_of_record
TN:
SF:src/modules/fixture/fixture.service.ts
FN:21,(anonymous_5)
FN:28,(anonymous_6)
FN:37,(anonymous_7)
FN:42,(anonymous_8)
FN:91,(anonymous_9)
FN:117,(anonymous_10)
FNF:6
FNH:4
FNDA:1,(anonymous_5)
FNDA:0,(anonymous_6)
FNDA:0,(anonymous_7)
FNDA:1,(anonymous_8)
FNDA:2,(anonymous_9)
FNDA:2,(anonymous_10)
DA:1,3
DA:2,3
DA:3,3
DA:4,3
DA:5,3
DA:6,3
DA:14,3
DA:15,3
DA:16,3
DA:17,3
DA:19,3
DA:20,1
DA:22,1
DA:23,1
DA:24,1
DA:25,1
DA:29,0
DA:37,0
DA:38,0
DA:43,1
DA:44,1
DA:45,1
DA:51,1
DA:84,1
DA:88,1
DA:94,2
DA:95,2
DA:97,2
DA:98,2
DA:99,1
DA:101,1
DA:102,1
DA:103,1
DA:104,1
DA:110,1
DA:111,1
DA:113,1
DA:119,2
DA:121,2
DA:149,2
DA:150,1
DA:152,1
DA:153,1
DA:154,1
DA:155,1
DA:157,1
DA:158,1
DA:159,1
DA:161,1
DA:162,1
DA:163,1
DA:165,1
DA:170,1
LF:53
LH:50
BRDA:43,0,0,0
BRDA:43,0,1,1
BRDA:43,1,0,0
BRDA:43,1,1,1
BRDA:43,2,0,1
BRDA:43,2,1,1
BRDA:78,3,0,1
BRDA:78,3,1,0
BRDA:78,3,2,0
BRDA:98,4,0,1
BRDA:149,5,0,1
BRDA:153,6,0,1
BRDA:157,7,0,1
BRDA:161,8,0,1
BRDA:167,9,0,1
BRDA:167,9,1,0
BRF:16
BRH:11
end_of_record
TN:
SF:src/modules/fixture/dto/fixture.dto.ts
FNF:0
FNH:0
DA:1,2
DA:2,2
DA:11,2
DA:12,2
DA:13,2
DA:14,2
DA:16,2
DA:17,2
DA:27,2
DA:37,2
DA:47,2
DA:57,2
DA:67,2
DA:77,2
DA:87,2
DA:97,2
DA:98,2
DA:106,2
DA:114,2
DA:122,2
DA:130,2
DA:138,2
DA:146,2
DA:154,2
DA:162,2
DA:170,2
DA:171,2
DA:181,2
DA:191,2
DA:201,2
DA:211,2
DA:221,2
DA:231,2
DA:241,2
DA:250,2
DA:251,2
DA:261,2
DA:273,2
DA:285,2
DA:286,2
DA:298,2
LF:41
LH:41
BRF:0
BRH:0
end_of_record
TN:
SF:src/modules/fixture/mocks/fixture.mock.ts
FNF:0
FNH:0
DA:1,2
DA:26,2
DA:34,2
LF:3
LH:3
BRF:0
BRH:0
end_of_record
TN:
SF:src/modules/team/team.controller.ts
FN:10,(anonymous_4)
FN:23,(anonymous_5)
FN:40,(anonymous_6)
FNF:3
FNH:3
FNDA:3,(anonymous_4)
FNDA:1,(anonymous_5)
FNDA:1,(anonymous_6)
DA:1,3
DA:2,3
DA:3,3
DA:4,3
DA:5,3
DA:9,3
DA:10,3
DA:23,3
DA:26,1
DA:29,3
DA:41,1
LF:11
LH:11
BRF:0
BRH:0
end_of_record
TN:
SF:src/modules/team/team.module.ts
FNF:0
FNH:0
DA:1,2
DA:2,2
DA:3,2
DA:4,2
DA:5,2
DA:13,2
LF:6
LH:6
BRF:0
BRH:0
end_of_record
TN:
SF:src/modules/team/team.service.ts
FN:13,(anonymous_4)
FN:14,(anonymous_5)
FN:21,(anonymous_6)
FN:32,(anonymous_7)
FN:54,(anonymous_8)
FNF:5
FNH:5
FNDA:1,(anonymous_4)
FNDA:2,(anonymous_5)
FNDA:1,(anonymous_6)
FNDA:1,(anonymous_7)
FNDA:2,(anonymous_8)
DA:1,6
DA:2,6
DA:3,6
DA:4,6
DA:6,6
DA:7,6
DA:8,6
DA:11,6
DA:12,1
DA:13,1
DA:15,2
DA:16,2
DA:17,2
DA:18,1
DA:19,1
DA:21,1
DA:22,1
DA:28,1
DA:29,1
DA:33,1
DA:34,1
DA:35,1
DA:41,1
DA:47,1
DA:51,1
DA:55,2
DA:60,2
DA:61,1
DA:63,1
LF:29
LH:29
BRDA:17,0,0,1
BRDA:23,1,0,0
BRDA:23,1,1,1
BRDA:23,2,0,1
BRDA:23,2,1,1
BRDA:24,3,0,0
BRDA:24,3,1,1
BRDA:24,4,0,1
BRDA:24,4,1,1
BRDA:25,5,0,0
BRDA:25,5,1,1
BRDA:25,6,0,1
BRDA:25,6,1,1
BRDA:33,7,0,0
BRDA:33,7,1,1
BRDA:33,8,0,0
BRDA:33,8,1,1
BRDA:33,9,0,1
BRDA:33,9,1,1
BRDA:60,10,0,1
BRF:20
BRH:15
end_of_record
TN:
SF:src/modules/team/dto/team.dto.ts
FNF:0
FNH:0
DA:1,4
DA:2,4
DA:3,4
DA:5,4
DA:7,4
DA:8,4
DA:16,4
DA:24,4
DA:33,4
DA:34,4
LF:10
LH:10
BRF:0
BRH:0
end_of_record
TN:
SF:src/modules/team/mocks/team.mock.ts
FNF:0
FNH:0
DA:1,2
DA:5,2
DA:12,2
LF:3
LH:3
BRF:0
BRH:0
end_of_record
TN:
SF:src/modules/tournament/tournament.controller.ts
FN:10,(anonymous_4)
FN:23,(anonymous_5)
FN:40,(anonymous_6)
FNF:3
FNH:3
FNDA:3,(anonymous_4)
FNDA:1,(anonymous_5)
FNDA:1,(anonymous_6)
DA:1,2
DA:2,2
DA:3,2
DA:4,2
DA:5,2
DA:9,2
DA:10,3
DA:23,2
DA:26,1
DA:29,2
DA:41,1
LF:11
LH:11
BRF:0
BRH:0
end_of_record
TN:
SF:src/modules/tournament/tournament.module.ts
FNF:0
FNH:0
DA:1,1
DA:2,1
DA:3,1
DA:4,1
DA:5,1
DA:13,1
LF:6
LH:6
BRF:0
BRH:0
end_of_record
TN:
SF:src/modules/tournament/tournament.service.ts
FN:12,(anonymous_4)
FN:13,(anonymous_5)
FN:20,(anonymous_6)
FN:30,(anonymous_7)
FN:59,(anonymous_8)
FNF:5
FNH:5
FNDA:1,(anonymous_4)
FNDA:2,(anonymous_5)
FNDA:2,(anonymous_6)
FNDA:1,(anonymous_7)
FNDA:2,(anonymous_8)
DA:1,5
DA:2,5
DA:3,5
DA:4,5
DA:5,5
DA:6,5
DA:8,5
DA:10,5
DA:11,1
DA:12,1
DA:14,2
DA:15,2
DA:16,2
DA:17,1
DA:18,1
DA:20,1
DA:21,2
DA:26,1
DA:27,1
DA:33,1
DA:34,1
DA:35,1
DA:41,1
DA:47,1
DA:51,1
DA:60,2
DA:65,2
DA:66,1
DA:68,1
LF:29
LH:29
BRDA:16,0,0,1
BRDA:22,1,0,0
BRDA:22,1,1,2
BRDA:22,2,0,2
BRDA:22,2,1,2
BRDA:23,3,0,0
BRDA:23,3,1,2
BRDA:23,4,0,2
BRDA:23,4,1,2
BRDA:33,5,0,0
BRDA:33,5,1,1
BRDA:33,6,0,0
BRDA:33,6,1,1
BRDA:33,7,0,1
BRDA:33,7,1,1
BRDA:65,8,0,1
BRF:16
BRH:12
end_of_record
TN:
SF:src/modules/tournament/dto/tournament.dto.ts
FNF:0
FNH:0
DA:1,3
DA:2,3
DA:3,3
DA:5,3
DA:6,3
DA:14,3
DA:23,3
DA:24,3
LF:8
LH:8
BRF:0
BRH:0
end_of_record
TN:
SF:src/modules/tournament/mocks/tournament.mock.ts
FNF:0
FNH:0
DA:1,2
DA:5,2
LF:2
LH:2
BRF:0
BRH:0
end_of_record
TN:
SF:src/shared/contants.ts
FN:5,(anonymous_0)
FNF:1
FNH:1
FNDA:8,(anonymous_0)
DA:1,8
DA:5,8
DA:6,8
DA:7,8
DA:8,8
LF:5
LH:5
BRDA:5,0,0,8
BRDA:5,0,1,8
BRF:2
BRH:2
end_of_record
TN:
SF:src/shared/helpers.ts
FN:3,removeEmptyAndApplyTypeOrmOperator
FN:5,(anonymous_1)
FNF:2
FNH:2
FNDA:2,removeEmptyAndApplyTypeOrmOperator
FNDA:4,(anonymous_1)
DA:1,9
DA:3,9
DA:4,2
DA:5,2
DA:6,4
DA:7,3
DA:8,2
DA:9,1
DA:11,2
LF:9
LH:9
BRDA:6,0,0,1
BRDA:6,0,1,3
BRDA:7,1,0,2
BRDA:7,1,1,1
BRDA:7,2,0,3
BRDA:7,2,1,3
BRDA:9,3,0,1
BRF:7
BRH:7
end_of_record
TN:
SF:src/shared/index.ts
FNF:0
FNH:0
DA:1,8
DA:2,8
LF:2
LH:2
BRF:0
BRH:0
end_of_record
TN:
SF:src/shared/entities/base.entity.ts
FN:17,(anonymous_2)
FN:23,(anonymous_3)
FNF:2
FNH:0
FNDA:0,(anonymous_2)
FNDA:0,(anonymous_3)
DA:1,8
DA:3,8
DA:4,8
DA:7,8
DA:10,8
DA:13,8
DA:16,8
DA:18,0
DA:19,0
DA:22,8
DA:24,0
LF:11
LH:8
BRF:0
BRH:0
end_of_record
TN:
SF:src/shared/entities/index.ts
FNF:0
FNH:0
DA:1,8
LF:1
LH:1
BRF:0
BRH:0
end_of_record
TN:
SF:src/shared/pagination/paginated-response.dto.ts
FN:2,(anonymous_0)
FNF:1
FNH:1
FNDA:3,(anonymous_0)
DA:1,8
DA:3,3
DA:4,3
DA:5,3
DA:6,3
DA:7,3
LF:6
LH:6
BRF:0
BRH:0
end_of_record
TN:
SF:src/shared/pagination/paginatio-input.dto.ts
FN:27,(anonymous_2)
FN:8,(anonymous_3)
FN:13,(anonymous_4)
FNF:3
FNH:0
FNDA:0,(anonymous_2)
FNDA:0,(anonymous_3)
FNDA:0,(anonymous_4)
DA:1,5
DA:2,5
DA:3,5
DA:4,5
DA:6,5
DA:7,5
DA:8,0
DA:12,5
DA:13,0
DA:17,5
DA:28,0
LF:11
LH:8
BRF:0
BRH:0
end_of_record
